04-May-2026 21:09:21.327 INFO [main] org.apache.catalina.startup.VersionLoggerListener.log Server version name:   Apache Tomcat/10.1.34
04-May-2026 21:09:21.370 INFO [main] org.apache.catalina.startup.VersionLoggerListener.log Server built:          Dec 5 2024 16:01:16 UTC
04-May-2026 21:09:21.372 INFO [main] org.apache.catalina.startup.VersionLoggerListener.log Server version number: 10.1.34.0
04-May-2026 21:09:21.372 INFO [main] org.apache.catalina.startup.VersionLoggerListener.log OS Name:               Windows 11
04-May-2026 21:09:21.373 INFO [main] org.apache.catalina.startup.VersionLoggerListener.log OS Version:            10.0
04-May-2026 21:09:21.373 INFO [main] org.apache.catalina.startup.VersionLoggerListener.log Architecture:          amd64
04-May-2026 21:09:21.374 INFO [main] org.apache.catalina.startup.VersionLoggerListener.log Java Home:             C:\Users\DELL\.jdks\openjdk-25.0.2
04-May-2026 21:09:21.374 INFO [main] org.apache.catalina.startup.VersionLoggerListener.log JVM Version:           25.0.2+10-69
04-May-2026 21:09:21.374 INFO [main] org.apache.catalina.startup.VersionLoggerListener.log JVM Vendor:            Oracle Corporation
04-May-2026 21:09:21.374 INFO [main] org.apache.catalina.startup.VersionLoggerListener.log CATALINA_BASE:         C:\Users\DELL\OneDrive\Desktop\fiore-flowershop
04-May-2026 21:09:21.374 INFO [main] org.apache.catalina.startup.VersionLoggerListener.log CATALINA_HOME:         C:\Users\DELL\OneDrive\Desktop\Java\week-5-tutorial-ashmagrg2020-alt\target\extracts\apache-tomcat-10.1.34\apache-tomcat-10.1.34
04-May-2026 21:09:21.460 INFO [main] org.apache.catalina.startup.VersionLoggerListener.log Command line argument: --add-opens=java.base/java.lang=ALL-UNNAMED
04-May-2026 21:09:21.460 INFO [main] org.apache.catalina.startup.VersionLoggerListener.log Command line argument: --add-opens=java.base/java.io=ALL-UNNAMED
04-May-2026 21:09:21.461 INFO [main] org.apache.catalina.startup.VersionLoggerListener.log Command line argument: --add-opens=java.base/java.util=ALL-UNNAMED
04-May-2026 21:09:21.461 INFO [main] org.apache.catalina.startup.VersionLoggerListener.log Command line argument: --add-opens=java.base/java.util.concurrent=ALL-UNNAMED
04-May-2026 21:09:21.461 INFO [main] org.apache.catalina.startup.VersionLoggerListener.log Command line argument: --add-opens=java.rmi/sun.rmi.transport=ALL-UNNAMED
04-May-2026 21:09:21.462 INFO [main] org.apache.catalina.startup.VersionLoggerListener.log Command line argument: -Dcatalina.home=C:\Users\DELL\OneDrive\Desktop\Java\week-5-tutorial-ashmagrg2020-alt\target\extracts\apache-tomcat-10.1.34\apache-tomcat-10.1.34
04-May-2026 21:09:21.462 INFO [main] org.apache.catalina.startup.VersionLoggerListener.log Command line argument: -Dcatalina.base=C:\Users\DELL\OneDrive\Desktop\fiore-flowershop
04-May-2026 21:09:21.462 INFO [main] org.apache.catalina.startup.VersionLoggerListener.log Command line argument: -Djava.io.tmpdir=C:\Users\DELL\OneDrive\Desktop\fiore-flowershop\temp
04-May-2026 21:09:21.462 INFO [main] org.apache.catalina.startup.VersionLoggerListener.log Command line argument: -Djava.util.logging.config.file=C:\Users\DELL\OneDrive\Desktop\fiore-flowershop\conf\logging.properties
04-May-2026 21:09:21.462 INFO [main] org.apache.catalina.startup.VersionLoggerListener.log Command line argument: -Djava.util.logging.manager=org.apache.juli.ClassLoaderLogManager
04-May-2026 21:09:21.463 INFO [main] org.apache.catalina.startup.VersionLoggerListener.log Command line argument: -javaagent:C:\Users\DELL\Downloads\IntelliJ IDEA 2025.3.3\lib\idea_rt.jar=56011
04-May-2026 21:09:21.463 INFO [main] org.apache.catalina.startup.VersionLoggerListener.log Command line argument: -Dfile.encoding=UTF-8
04-May-2026 21:09:21.463 INFO [main] org.apache.catalina.startup.VersionLoggerListener.log Command line argument: -Dsun.stdout.encoding=UTF-8
04-May-2026 21:09:21.463 INFO [main] org.apache.catalina.startup.VersionLoggerListener.log Command line argument: -Dsun.stderr.encoding=UTF-8
04-May-2026 21:09:21.517 INFO [main] org.apache.catalina.core.AprLifecycleListener.lifecycleEvent The Apache Tomcat Native library which allows using OpenSSL was not found on the java.library.path: [C:\Users\DELL\.jdks\openjdk-25.0.2\bin;C:\WINDOWS\Sun\Java\bin;C:\WINDOWS\system32;C:\WINDOWS;C:\oraclexe\app\oracle\product\11.2.0\server\bin;C:\Program Files\Common Files\Oracle\Java\javapath;C:\Program Files (x86)\Common Files\Oracle\Java\javapath;C:\WINDOWS\system32;C:\WINDOWS;C:\WINDOWS\System32\Wbem;C:\WINDOWS\System32\WindowsPowerShell\v1.0\;C:\WINDOWS\System32\OpenSSH\;%JAVA_HOME%\bin;C:\Program Files\nodejs\;C:\Maven\bin;C:\Program Files\Git\cmd;C:\Users\DELL\AppData\Local\Microsoft\WindowsApps;C:\Users\DELL\AppData\Local\Programs\Microsoft VS Code\bin;C:\Users\DELL\AppData\Local\GitHubDesktop\bin;C:\Users\DELL\AppData\Roaming\npm;C:\Users\DELL\AppData\Local\Programs\cursor\resources\app\bin;.]
04-May-2026 21:09:26.352 INFO [main] org.apache.coyote.AbstractProtocol.init Initializing ProtocolHandler ["http-nio-8082"]
04-May-2026 21:09:26.414 INFO [main] org.apache.catalina.startup.Catalina.load Server initialization in [6274] milliseconds
04-May-2026 21:09:26.650 INFO [main] org.apache.catalina.core.StandardService.startInternal Starting service [Catalina]
04-May-2026 21:09:26.651 INFO [main] org.apache.catalina.core.StandardEngine.startInternal Starting Servlet engine: [Apache Tomcat/10.1.34]
04-May-2026 21:09:26.733 INFO [main] org.apache.catalina.startup.HostConfig.deployDescriptor Deploying deployment descriptor [C:\Users\DELL\OneDrive\Desktop\fiore-flowershop\conf\Catalina\localhost\fiore-flowershop.xml]
04-May-2026 21:09:28.813 WARNING [main] org.apache.catalina.util.SessionIdGeneratorBase.createSecureRandom Creation of SecureRandom instance for session ID generation using [SHA1PRNG] took [111] milliseconds.
04-May-2026 21:09:28.908 INFO [main] org.apache.catalina.startup.HostConfig.deployDescriptor Deployment of deployment descriptor [C:\Users\DELL\OneDrive\Desktop\fiore-flowershop\conf\Catalina\localhost\fiore-flowershop.xml] has finished in [2,175] ms
04-May-2026 21:09:28.923 INFO [main] org.apache.coyote.AbstractProtocol.start Starting ProtocolHandler ["http-nio-8082"]
04-May-2026 21:09:29.111 INFO [main] org.apache.catalina.startup.Catalina.start Server startup in [2691] milliseconds
